<?xml version="1.0" encoding="UTF-8"?>
<testsuite xmlns:xsi="http://www.w3.org/2001/XMLSchema-instance" xsi:noNamespaceSchemaLocation="https://maven.apache.org/surefire/maven-surefire-plugin/xsd/surefire-test-report-3.0.xsd" version="3.0" name="com.algotrading.backend.integration.TradingStrategyIntegrationTest" time="8.513" tests="14" errors="0" skipped="0" failures="0">
  <properties>
[...]
</properties>
  <testcase name="reversalCeToPe" classname="com.algotrading.backend.integration.TradingStrategyIntegrationTest" time="0.41">
    <system-out><![CDATA[2026-04-08T08:19:48.511+05:30  INFO 4700 --- [algo-trading-backend] [           main] t.c.s.AnnotationConfigContextLoaderUtils : Could not detect default configuration classes for test class [com.algotrading.backend.integration.TradingStrategyIntegrationTest]: TradingStrategyIntegrationTest does not declare any static, non-private, non-final, nested classes annotated with @Configuration.
2026-04-08T08:19:48.520+05:30  INFO 4700 --- [algo-trading-backend] [           main] .b.t.c.SpringBootTestContextBootstrapper : Found @SpringBootConfiguration com.algotrading.backend.AlgoTradingApplication for test class com.algotrading.backend.integration.TradingStrategyIntegrationTest
2026-04-08T08:19:48.848+05:30  INFO 4700 --- [algo-trading-backend] [           main] c.a.backend.controller.AuthController    : User logged in: admin
2026-04-08T08:19:48.851+05:30  INFO 4700 --- [algo-trading-backend] [           main] c.a.backend.cache.MarketDataCache        : Day data cleared from cache
2026-04-08T08:19:48.852+05:30  INFO 4700 --- [algo-trading-backend] [           main] c.a.backend.cache.MarketDataCache        : Trading config updated: TradingConfig(futuresInstrument=NIFTY25APRFUT, ceInstrument=NIFTY25APR22000CE, peInstrument=NIFTY25APR22000PE, ceStrikePrice=22000, peStrikePrice=22000, expiryType=CURRENT_WEEK, startCandleTime=09:15, strikeMode=MANUAL, lotQuantity=1, lotSize=75, targetProfit=5000.0, stopLoss=2000.0, maxReversals=3, tradeMode=PAPER)
2026-04-08T08:19:48.853+05:30 DEBUG 4700 --- [algo-trading-backend] [           main] c.a.backend.cache.MarketDataCache        : Tick updated: NIFTY25APR22000CE @ 150.0
2026-04-08T08:19:48.853+05:30 DEBUG 4700 --- [algo-trading-backend] [           main] c.a.backend.cache.MarketDataCache        : Tick updated: NIFTY25APR22000PE @ 150.0
2026-04-08T08:19:48.853+05:30 DEBUG 4700 --- [algo-trading-backend] [           main] c.a.backend.cache.MarketDataCache        : Tick updated: NIFTY25APRFUT @ 22000.0
2026-04-08T08:19:48.858+05:30  INFO 4700 --- [algo-trading-backend] [           main] c.a.b.service.TradingStrategyService     : Strategy started. Session: 410abc8d-569b-47bb-9940-fc0c3ec46856
2026-04-08T08:19:48.861+05:30  INFO 4700 --- [algo-trading-backend] [           main] c.a.b.service.CandleAggregatorService    : Injected candle for NIFTY25APRFUT: close=21900.0
2026-04-08T08:19:48.863+05:30 DEBUG 4700 --- [algo-trading-backend] [           main] c.a.b.service.TradingStrategyService     : Strategy processing candle: time=2026-04-08T09:15, close=21900.0
2026-04-08T08:19:48.864+05:30  INFO 4700 --- [algo-trading-backend] [           main] c.a.b.service.TradingStrategyService     : 1st candle captured: time=09:15, close=21900.0
2026-04-08T08:19:48.919+05:30  INFO 4700 --- [algo-trading-backend] [           main] c.a.b.service.CandleAggregatorService    : Injected candle for NIFTY25APRFUT: close=22100.0
2026-04-08T08:19:48.920+05:30 DEBUG 4700 --- [algo-trading-backend] [           main] c.a.b.service.TradingStrategyService     : Strategy processing candle: time=2026-04-08T09:16, close=22100.0
2026-04-08T08:19:48.920+05:30  INFO 4700 --- [algo-trading-backend] [           main] c.a.b.service.TradingStrategyService     : 2nd candle captured: time=09:16, close=22100.0
2026-04-08T08:19:48.921+05:30  INFO 4700 --- [algo-trading-backend] [           main] c.a.b.service.CandleAggregatorService    : Injected candle for NIFTY25APRFUT: close=22120.0
2026-04-08T08:19:48.922+05:30 DEBUG 4700 --- [algo-trading-backend] [           main] c.a.b.service.TradingStrategyService     : Strategy processing candle: time=2026-04-08T09:17, close=22120.0
2026-04-08T08:19:48.922+05:30  INFO 4700 --- [algo-trading-backend] [           main] c.a.b.service.TradingStrategyService     : 3rd candle captured: time=09:17, close=22120.0
2026-04-08T08:19:48.922+05:30  INFO 4700 --- [algo-trading-backend] [           main] c.a.b.service.OptionInstrumentService    : MANUAL mode: CE=NIFTY25APR22000CE, PE=NIFTY25APR22000PE
2026-04-08T08:19:48.923+05:30  INFO 4700 --- [algo-trading-backend] [           main] c.a.b.service.TradingStrategyService     : Entry direction: CE (1st close=21900.0, 2nd close=22100.0)
2026-04-08T08:19:48.923+05:30  INFO 4700 --- [algo-trading-backend] [           main] c.a.backend.broker.PaperBrokerService    : [PAPER] BUY NIFTY25APR22000CE x75 @ 150.0
2026-04-08T08:19:48.924+05:30  INFO 4700 --- [algo-trading-backend] [           main] c.a.b.service.TradingStrategyService     : Entered position: leg=1, type=CE, instrument=NIFTY25APR22000CE, entry=150.0, reason=INITIAL
2026-04-08T08:19:48.933+05:30  INFO 4700 --- [algo-trading-backend] [           main] c.a.b.service.CandleAggregatorService    : Injected candle for NIFTY25APRFUT: close=21800.0
2026-04-08T08:19:48.933+05:30 DEBUG 4700 --- [algo-trading-backend] [           main] c.a.b.service.TradingStrategyService     : Strategy processing candle: time=2026-04-08T09:18, close=21800.0
2026-04-08T08:19:48.934+05:30  INFO 4700 --- [algo-trading-backend] [           main] c.a.b.service.TradingStrategyService     : Reversal signal: CE->PE (current close=21800.0 < 1st close=21900.0)
2026-04-08T08:19:48.934+05:30  INFO 4700 --- [algo-trading-backend] [           main] c.a.backend.broker.PaperBrokerService    : [PAPER] SELL NIFTY25APR22000CE x75 @ 150.0
2026-04-08T08:19:48.934+05:30  INFO 4700 --- [algo-trading-backend] [           main] c.a.b.service.TradingStrategyService     : Exited position: leg=1, type=CE, exit=150.0, legPnL=0.0, cumulativePnL=0.0, reason=REVERSAL
2026-04-08T08:19:48.934+05:30  INFO 4700 --- [algo-trading-backend] [           main] c.a.backend.broker.PaperBrokerService    : [PAPER] BUY NIFTY25APR22000PE x75 @ 150.0
2026-04-08T08:19:48.935+05:30  INFO 4700 --- [algo-trading-backend] [           main] c.a.b.service.TradingStrategyService     : Entered position: leg=2, type=PE, instrument=NIFTY25APR22000PE, entry=150.0, reason=REVERSAL_1
]]></system-out>
  </testcase>
  <testcase name="waitForStartCandleTime" classname="com.algotrading.backend.integration.TradingStrategyIntegrationTest" time="0.382">
    <system-out><![CDATA[2026-04-08T08:19:49.318+05:30  INFO 4700 --- [algo-trading-backend] [           main] c.a.backend.controller.AuthController    : User logged in: admin
2026-04-08T08:19:49.320+05:30  INFO 4700 --- [algo-trading-backend] [           main] c.a.backend.cache.MarketDataCache        : Day data cleared from cache
2026-04-08T08:19:49.320+05:30  INFO 4700 --- [algo-trading-backend] [           main] c.a.backend.cache.MarketDataCache        : Trading config updated: TradingConfig(futuresInstrument=NIFTY25APRFUT, ceInstrument=NIFTY25APR22000CE, peInstrument=NIFTY25APR22000PE, ceStrikePrice=22000, peStrikePrice=22000, expiryType=CURRENT_WEEK, startCandleTime=09:15, strikeMode=MANUAL, lotQuantity=1, lotSize=75, targetProfit=5000.0, stopLoss=2000.0, maxReversals=3, tradeMode=PAPER)
2026-04-08T08:19:49.320+05:30 DEBUG 4700 --- [algo-trading-backend] [           main] c.a.backend.cache.MarketDataCache        : Tick updated: NIFTY25APR22000CE @ 150.0
2026-04-08T08:19:49.320+05:30 DEBUG 4700 --- [algo-trading-backend] [           main] c.a.backend.cache.MarketDataCache        : Tick updated: NIFTY25APR22000PE @ 150.0
2026-04-08T08:19:49.320+05:30 DEBUG 4700 --- [algo-trading-backend] [           main] c.a.backend.cache.MarketDataCache        : Tick updated: NIFTY25APRFUT @ 22000.0
2026-04-08T08:19:49.321+05:30  INFO 4700 --- [algo-trading-backend] [           main] c.a.backend.cache.MarketDataCache        : Trading config updated: TradingConfig(futuresInstrument=NIFTY25APRFUT, ceInstrument=NIFTY25APR22000CE, peInstrument=NIFTY25APR22000PE, ceStrikePrice=22000, peStrikePrice=22000, expiryType=CURRENT_WEEK, startCandleTime=09:16, strikeMode=MANUAL, lotQuantity=1, lotSize=75, targetProfit=5000.0, stopLoss=2000.0, maxReversals=3, tradeMode=PAPER)
2026-04-08T08:19:49.321+05:30  INFO 4700 --- [algo-trading-backend] [           main] c.a.b.service.TradingStrategyService     : Strategy started. Session: 0375ffd8-80be-4b1c-8b61-c92b534eee9a
2026-04-08T08:19:49.321+05:30  INFO 4700 --- [algo-trading-backend] [           main] c.a.b.service.CandleAggregatorService    : Injected candle for NIFTY25APRFUT: close=21900.0
2026-04-08T08:19:49.322+05:30 DEBUG 4700 --- [algo-trading-backend] [           main] c.a.b.service.TradingStrategyService     : Strategy processing candle: time=2026-04-08T09:15, close=21900.0
2026-04-08T08:19:49.322+05:30  INFO 4700 --- [algo-trading-backend] [           main] c.a.b.service.CandleAggregatorService    : Injected candle for NIFTY25APRFUT: close=22000.0
2026-04-08T08:19:49.322+05:30 DEBUG 4700 --- [algo-trading-backend] [           main] c.a.b.service.TradingStrategyService     : Strategy processing candle: time=2026-04-08T09:16, close=22000.0
2026-04-08T08:19:49.322+05:30  INFO 4700 --- [algo-trading-backend] [           main] c.a.b.service.TradingStrategyService     : 1st candle captured: time=09:16, close=22000.0
]]></system-out>
  </testcase>
  <testcase name="reversalPeToCe" classname="com.algotrading.backend.integration.TradingStrategyIntegrationTest" time="0.361">
    <system-out><![CDATA[2026-04-08T08:19:49.673+05:30  INFO 4700 --- [algo-trading-backend] [           main] c.a.backend.controller.AuthController    : User logged in: admin
2026-04-08T08:19:49.674+05:30  INFO 4700 --- [algo-trading-backend] [           main] c.a.backend.cache.MarketDataCache        : Day data cleared from cache
2026-04-08T08:19:49.675+05:30  INFO 4700 --- [algo-trading-backend] [           main] c.a.backend.cache.MarketDataCache        : Trading config updated: TradingConfig(futuresInstrument=NIFTY25APRFUT, ceInstrument=NIFTY25APR22000CE, peInstrument=NIFTY25APR22000PE, ceStrikePrice=22000, peStrikePrice=22000, expiryType=CURRENT_WEEK, startCandleTime=09:15, strikeMode=MANUAL, lotQuantity=1, lotSize=75, targetProfit=5000.0, stopLoss=2000.0, maxReversals=3, tradeMode=PAPER)
2026-04-08T08:19:49.675+05:30 DEBUG 4700 --- [algo-trading-backend] [           main] c.a.backend.cache.MarketDataCache        : Tick updated: NIFTY25APR22000CE @ 150.0
2026-04-08T08:19:49.675+05:30 DEBUG 4700 --- [algo-trading-backend] [           main] c.a.backend.cache.MarketDataCache        : Tick updated: NIFTY25APR22000PE @ 150.0
2026-04-08T08:19:49.675+05:30 DEBUG 4700 --- [algo-trading-backend] [           main] c.a.backend.cache.MarketDataCache        : Tick updated: NIFTY25APRFUT @ 22000.0
2026-04-08T08:19:49.675+05:30  INFO 4700 --- [algo-trading-backend] [           main] c.a.b.service.TradingStrategyService     : Strategy started. Session: 1eadb004-975b-417e-bf45-df7e276420ca
2026-04-08T08:19:49.676+05:30  INFO 4700 --- [algo-trading-backend] [           main] c.a.b.service.CandleAggregatorService    : Injected candle for NIFTY25APRFUT: close=22100.0
2026-04-08T08:19:49.676+05:30 DEBUG 4700 --- [algo-trading-backend] [           main] c.a.b.service.TradingStrategyService     : Strategy processing candle: time=2026-04-08T09:15, close=22100.0
2026-04-08T08:19:49.676+05:30  INFO 4700 --- [algo-trading-backend] [           main] c.a.b.service.TradingStrategyService     : 1st candle captured: time=09:15, close=22100.0
2026-04-08T08:19:49.676+05:30  INFO 4700 --- [algo-trading-backend] [           main] c.a.b.service.CandleAggregatorService    : Injected candle for NIFTY25APRFUT: close=21850.0
2026-04-08T08:19:49.677+05:30 DEBUG 4700 --- [algo-trading-backend] [           main] c.a.b.service.TradingStrategyService     : Strategy processing candle: time=2026-04-08T09:16, close=21850.0
2026-04-08T08:19:49.677+05:30  INFO 4700 --- [algo-trading-backend] [           main] c.a.b.service.TradingStrategyService     : 2nd candle captured: time=09:16, close=21850.0
2026-04-08T08:19:49.677+05:30  INFO 4700 --- [algo-trading-backend] [           main] c.a.b.service.CandleAggregatorService    : Injected candle for NIFTY25APRFUT: close=21870.0
2026-04-08T08:19:49.677+05:30 DEBUG 4700 --- [algo-trading-backend] [           main] c.a.b.service.TradingStrategyService     : Strategy processing candle: time=2026-04-08T09:17, close=21870.0
2026-04-08T08:19:49.678+05:30  INFO 4700 --- [algo-trading-backend] [           main] c.a.b.service.TradingStrategyService     : 3rd candle captured: time=09:17, close=21870.0
2026-04-08T08:19:49.678+05:30  INFO 4700 --- [algo-trading-backend] [           main] c.a.b.service.OptionInstrumentService    : MANUAL mode: CE=NIFTY25APR22000CE, PE=NIFTY25APR22000PE
2026-04-08T08:19:49.678+05:30  INFO 4700 --- [algo-trading-backend] [           main] c.a.b.service.TradingStrategyService     : Entry direction: PE (1st close=22100.0, 2nd close=21850.0)
2026-04-08T08:19:49.678+05:30  INFO 4700 --- [algo-trading-backend] [           main] c.a.backend.broker.PaperBrokerService    : [PAPER] BUY NIFTY25APR22000PE x75 @ 150.0
2026-04-08T08:19:49.678+05:30  INFO 4700 --- [algo-trading-backend] [           main] c.a.b.service.TradingStrategyService     : Entered position: leg=1, type=PE, instrument=NIFTY25APR22000PE, entry=150.0, reason=INITIAL
2026-04-08T08:19:49.683+05:30  INFO 4700 --- [algo-trading-backend] [           main] c.a.b.service.CandleAggregatorService    : Injected candle for NIFTY25APRFUT: close=22200.0
2026-04-08T08:19:49.684+05:30 DEBUG 4700 --- [algo-trading-backend] [           main] c.a.b.service.TradingStrategyService     : Strategy processing candle: time=2026-04-08T09:18, close=22200.0
2026-04-08T08:19:49.684+05:30  INFO 4700 --- [algo-trading-backend] [           main] c.a.b.service.TradingStrategyService     : Reversal signal: PE->CE (current close=22200.0 > 1st close=22100.0)
2026-04-08T08:19:49.684+05:30  INFO 4700 --- [algo-trading-backend] [           main] c.a.backend.broker.PaperBrokerService    : [PAPER] SELL NIFTY25APR22000PE x75 @ 150.0
2026-04-08T08:19:49.684+05:30  INFO 4700 --- [algo-trading-backend] [           main] c.a.b.service.TradingStrategyService     : Exited position: leg=1, type=PE, exit=150.0, legPnL=0.0, cumulativePnL=0.0, reason=REVERSAL
2026-04-08T08:19:49.684+05:30  INFO 4700 --- [algo-trading-backend] [           main] c.a.backend.broker.PaperBrokerService    : [PAPER] BUY NIFTY25APR22000CE x75 @ 150.0
2026-04-08T08:19:49.684+05:30  INFO 4700 --- [algo-trading-backend] [           main] c.a.b.service.TradingStrategyService     : Entered position: leg=2, type=CE, instrument=NIFTY25APR22000CE, entry=150.0, reason=REVERSAL_1
]]></system-out>
  </testcase>
  <testcase name="cannotStartWithoutConfig" classname="com.algotrading.backend.integration.TradingStrategyIntegrationTest" time="0.327">
    <system-out><![CDATA[2026-04-08T08:19:50.001+05:30  INFO 4700 --- [algo-trading-backend] [           main] c.a.backend.controller.AuthController    : User logged in: admin
2026-04-08T08:19:50.003+05:30  INFO 4700 --- [algo-trading-backend] [           main] c.a.backend.cache.MarketDataCache        : Day data cleared from cache
2026-04-08T08:19:50.003+05:30  INFO 4700 --- [algo-trading-backend] [           main] c.a.backend.cache.MarketDataCache        : Trading config updated: TradingConfig(futuresInstrument=NIFTY25APRFUT, ceInstrument=NIFTY25APR22000CE, peInstrument=NIFTY25APR22000PE, ceStrikePrice=22000, peStrikePrice=22000, expiryType=CURRENT_WEEK, startCandleTime=09:15, strikeMode=MANUAL, lotQuantity=1, lotSize=75, targetProfit=5000.0, stopLoss=2000.0, maxReversals=3, tradeMode=PAPER)
2026-04-08T08:19:50.003+05:30 DEBUG 4700 --- [algo-trading-backend] [           main] c.a.backend.cache.MarketDataCache        : Tick updated: NIFTY25APR22000CE @ 150.0
2026-04-08T08:19:50.004+05:30 DEBUG 4700 --- [algo-trading-backend] [           main] c.a.backend.cache.MarketDataCache        : Tick updated: NIFTY25APR22000PE @ 150.0
2026-04-08T08:19:50.004+05:30 DEBUG 4700 --- [algo-trading-backend] [           main] c.a.backend.cache.MarketDataCache        : Tick updated: NIFTY25APRFUT @ 22000.0
2026-04-08T08:19:50.004+05:30  INFO 4700 --- [algo-trading-backend] [           main] c.a.backend.cache.MarketDataCache        : Day data cleared from cache
]]></system-out>
  </testcase>
  <testcase name="manualStop" classname="com.algotrading.backend.integration.TradingStrategyIntegrationTest" time="2.854">
    <system-out><![CDATA[2026-04-08T08:19:52.835+05:30  INFO 4700 --- [algo-trading-backend] [           main] c.a.backend.controller.AuthController    : User logged in: admin
2026-04-08T08:19:52.847+05:30  INFO 4700 --- [algo-trading-backend] [           main] c.a.backend.cache.MarketDataCache        : Day data cleared from cache
2026-04-08T08:19:52.847+05:30  INFO 4700 --- [algo-trading-backend] [           main] c.a.backend.cache.MarketDataCache        : Trading config updated: TradingConfig(futuresInstrument=NIFTY25APRFUT, ceInstrument=NIFTY25APR22000CE, peInstrument=NIFTY25APR22000PE, ceStrikePrice=22000, peStrikePrice=22000, expiryType=CURRENT_WEEK, startCandleTime=09:15, strikeMode=MANUAL, lotQuantity=1, lotSize=75, targetProfit=5000.0, stopLoss=2000.0, maxReversals=3, tradeMode=PAPER)
2026-04-08T08:19:52.848+05:30 DEBUG 4700 --- [algo-trading-backend] [           main] c.a.backend.cache.MarketDataCache        : Tick updated: NIFTY25APR22000CE @ 150.0
2026-04-08T08:19:52.849+05:30 DEBUG 4700 --- [algo-trading-backend] [           main] c.a.backend.cache.MarketDataCache        : Tick updated: NIFTY25APR22000PE @ 150.0
2026-04-08T08:19:52.849+05:30 DEBUG 4700 --- [algo-trading-backend] [           main] c.a.backend.cache.MarketDataCache        : Tick updated: NIFTY25APRFUT @ 22000.0
2026-04-08T08:19:52.851+05:30  INFO 4700 --- [algo-trading-backend] [           main] c.a.b.service.TradingStrategyService     : Strategy started. Session: e0c5c074-5641-49ef-8127-e1d8cd7700e0
2026-04-08T08:19:52.851+05:30  INFO 4700 --- [algo-trading-backend] [           main] c.a.b.service.CandleAggregatorService    : Injected candle for NIFTY25APRFUT: close=21900.0
2026-04-08T08:19:52.851+05:30 DEBUG 4700 --- [algo-trading-backend] [           main] c.a.b.service.TradingStrategyService     : Strategy processing candle: time=2026-04-08T09:15, close=21900.0
2026-04-08T08:19:52.851+05:30  INFO 4700 --- [algo-trading-backend] [           main] c.a.b.service.TradingStrategyService     : 1st candle captured: time=09:15, close=21900.0
2026-04-08T08:19:52.864+05:30  INFO 4700 --- [algo-trading-backend] [           main] c.a.b.service.CandleAggregatorService    : Injected candle for NIFTY25APRFUT: close=22100.0
2026-04-08T08:19:52.864+05:30 DEBUG 4700 --- [algo-trading-backend] [           main] c.a.b.service.TradingStrategyService     : Strategy processing candle: time=2026-04-08T09:16, close=22100.0
2026-04-08T08:19:52.864+05:30  INFO 4700 --- [algo-trading-backend] [           main] c.a.b.service.TradingStrategyService     : 2nd candle captured: time=09:16, close=22100.0
2026-04-08T08:19:52.865+05:30  INFO 4700 --- [algo-trading-backend] [           main] c.a.b.service.CandleAggregatorService    : Injected candle for NIFTY25APRFUT: close=22120.0
2026-04-08T08:19:52.866+05:30 DEBUG 4700 --- [algo-trading-backend] [           main] c.a.b.service.TradingStrategyService     : Strategy processing candle: time=2026-04-08T09:17, close=22120.0
2026-04-08T08:19:52.866+05:30  INFO 4700 --- [algo-trading-backend] [           main] c.a.b.service.TradingStrategyService     : 3rd candle captured: time=09:17, close=22120.0
2026-04-08T08:19:52.866+05:30  INFO 4700 --- [algo-trading-backend] [           main] c.a.b.service.OptionInstrumentService    : MANUAL mode: CE=NIFTY25APR22000CE, PE=NIFTY25APR22000PE
2026-04-08T08:19:52.866+05:30  INFO 4700 --- [algo-trading-backend] [           main] c.a.b.service.TradingStrategyService     : Entry direction: CE (1st close=21900.0, 2nd close=22100.0)
2026-04-08T08:19:52.866+05:30  INFO 4700 --- [algo-trading-backend] [           main] c.a.backend.broker.PaperBrokerService    : [PAPER] BUY NIFTY25APR22000CE x75 @ 150.0
2026-04-08T08:19:52.866+05:30  INFO 4700 --- [algo-trading-backend] [           main] c.a.b.service.TradingStrategyService     : Entered position: leg=1, type=CE, instrument=NIFTY25APR22000CE, entry=150.0, reason=INITIAL
2026-04-08T08:19:52.868+05:30  INFO 4700 --- [algo-trading-backend] [           main] c.a.backend.broker.PaperBrokerService    : [PAPER] SELL NIFTY25APR22000CE x75 @ 150.0
2026-04-08T08:19:52.868+05:30  INFO 4700 --- [algo-trading-backend] [           main] c.a.b.service.TradingStrategyService     : Exited position: leg=1, type=CE, exit=150.0, legPnL=0.0, cumulativePnL=0.0, reason=MANUAL_STOP
2026-04-08T08:19:52.868+05:30  INFO 4700 --- [algo-trading-backend] [           main] c.a.b.service.TradingStrategyService     : Strategy stopped: Manual stop
]]></system-out>
  </testcase>
  <testcase name="entersPeWhenFirstCloseGreaterThanSecond" classname="com.algotrading.backend.integration.TradingStrategyIntegrationTest" time="0.466">
    <system-out><![CDATA[2026-04-08T08:19:53.290+05:30  INFO 4700 --- [algo-trading-backend] [           main] c.a.backend.controller.AuthController    : User logged in: admin
2026-04-08T08:19:53.292+05:30  INFO 4700 --- [algo-trading-backend] [           main] c.a.backend.cache.MarketDataCache        : Day data cleared from cache
2026-04-08T08:19:53.292+05:30  INFO 4700 --- [algo-trading-backend] [           main] c.a.backend.cache.MarketDataCache        : Trading config updated: TradingConfig(futuresInstrument=NIFTY25APRFUT, ceInstrument=NIFTY25APR22000CE, peInstrument=NIFTY25APR22000PE, ceStrikePrice=22000, peStrikePrice=22000, expiryType=CURRENT_WEEK, startCandleTime=09:15, strikeMode=MANUAL, lotQuantity=1, lotSize=75, targetProfit=5000.0, stopLoss=2000.0, maxReversals=3, tradeMode=PAPER)
2026-04-08T08:19:53.292+05:30 DEBUG 4700 --- [algo-trading-backend] [           main] c.a.backend.cache.MarketDataCache        : Tick updated: NIFTY25APR22000CE @ 150.0
2026-04-08T08:19:53.292+05:30 DEBUG 4700 --- [algo-trading-backend] [           main] c.a.backend.cache.MarketDataCache        : Tick updated: NIFTY25APR22000PE @ 150.0
2026-04-08T08:19:53.293+05:30 DEBUG 4700 --- [algo-trading-backend] [           main] c.a.backend.cache.MarketDataCache        : Tick updated: NIFTY25APRFUT @ 22000.0
2026-04-08T08:19:53.293+05:30  INFO 4700 --- [algo-trading-backend] [           main] c.a.b.service.TradingStrategyService     : Strategy started. Session: 6c0764c5-f316-4b52-98f4-d8320063ba21
2026-04-08T08:19:53.293+05:30  INFO 4700 --- [algo-trading-backend] [           main] c.a.b.service.CandleAggregatorService    : Injected candle for NIFTY25APRFUT: close=22100.0
2026-04-08T08:19:53.293+05:30 DEBUG 4700 --- [algo-trading-backend] [           main] c.a.b.service.TradingStrategyService     : Strategy processing candle: time=2026-04-08T09:15, close=22100.0
2026-04-08T08:19:53.293+05:30  INFO 4700 --- [algo-trading-backend] [           main] c.a.b.service.TradingStrategyService     : 1st candle captured: time=09:15, close=22100.0
2026-04-08T08:19:53.294+05:30  INFO 4700 --- [algo-trading-backend] [           main] c.a.b.service.CandleAggregatorService    : Injected candle for NIFTY25APRFUT: close=21900.0
2026-04-08T08:19:53.294+05:30 DEBUG 4700 --- [algo-trading-backend] [           main] c.a.b.service.TradingStrategyService     : Strategy processing candle: time=2026-04-08T09:16, close=21900.0
2026-04-08T08:19:53.294+05:30  INFO 4700 --- [algo-trading-backend] [           main] c.a.b.service.TradingStrategyService     : 2nd candle captured: time=09:16, close=21900.0
2026-04-08T08:19:53.308+05:30  INFO 4700 --- [algo-trading-backend] [           main] c.a.b.service.CandleAggregatorService    : Injected candle for NIFTY25APRFUT: close=21920.0
2026-04-08T08:19:53.308+05:30 DEBUG 4700 --- [algo-trading-backend] [           main] c.a.b.service.TradingStrategyService     : Strategy processing candle: time=2026-04-08T09:17, close=21920.0
2026-04-08T08:19:53.308+05:30  INFO 4700 --- [algo-trading-backend] [           main] c.a.b.service.TradingStrategyService     : 3rd candle captured: time=09:17, close=21920.0
2026-04-08T08:19:53.308+05:30  INFO 4700 --- [algo-trading-backend] [           main] c.a.b.service.OptionInstrumentService    : MANUAL mode: CE=NIFTY25APR22000CE, PE=NIFTY25APR22000PE
2026-04-08T08:19:53.308+05:30  INFO 4700 --- [algo-trading-backend] [           main] c.a.b.service.TradingStrategyService     : Entry direction: PE (1st close=22100.0, 2nd close=21900.0)
2026-04-08T08:19:53.309+05:30  INFO 4700 --- [algo-trading-backend] [           main] c.a.backend.broker.PaperBrokerService    : [PAPER] BUY NIFTY25APR22000PE x75 @ 150.0
2026-04-08T08:19:53.309+05:30  INFO 4700 --- [algo-trading-backend] [           main] c.a.b.service.TradingStrategyService     : Entered position: leg=1, type=PE, instrument=NIFTY25APR22000PE, entry=150.0, reason=INITIAL
]]></system-out>
  </testcase>
  <testcase name="startStopViaRestApi" classname="com.algotrading.backend.integration.TradingStrategyIntegrationTest" time="0.803">
    <system-out><![CDATA[2026-04-08T08:19:53.713+05:30  INFO 4700 --- [algo-trading-backend] [           main] c.a.backend.controller.AuthController    : User logged in: admin
2026-04-08T08:19:53.717+05:30  INFO 4700 --- [algo-trading-backend] [           main] c.a.backend.cache.MarketDataCache        : Day data cleared from cache
2026-04-08T08:19:53.717+05:30  INFO 4700 --- [algo-trading-backend] [           main] c.a.backend.cache.MarketDataCache        : Trading config updated: TradingConfig(futuresInstrument=NIFTY25APRFUT, ceInstrument=NIFTY25APR22000CE, peInstrument=NIFTY25APR22000PE, ceStrikePrice=22000, peStrikePrice=22000, expiryType=CURRENT_WEEK, startCandleTime=09:15, strikeMode=MANUAL, lotQuantity=1, lotSize=75, targetProfit=5000.0, stopLoss=2000.0, maxReversals=3, tradeMode=PAPER)
2026-04-08T08:19:53.717+05:30 DEBUG 4700 --- [algo-trading-backend] [           main] c.a.backend.cache.MarketDataCache        : Tick updated: NIFTY25APR22000CE @ 150.0
2026-04-08T08:19:53.717+05:30 DEBUG 4700 --- [algo-trading-backend] [           main] c.a.backend.cache.MarketDataCache        : Tick updated: NIFTY25APR22000PE @ 150.0
2026-04-08T08:19:53.718+05:30 DEBUG 4700 --- [algo-trading-backend] [           main] c.a.backend.cache.MarketDataCache        : Tick updated: NIFTY25APRFUT @ 22000.0
2026-04-08T08:19:53.718+05:30  INFO 4700 --- [algo-trading-backend] [           main] c.a.backend.cache.MarketDataCache        : Trading config updated: TradingConfig(futuresInstrument=NIFTY25APRFUT, ceInstrument=NIFTY25APR22000CE, peInstrument=NIFTY25APR22000PE, ceStrikePrice=22000, peStrikePrice=22000, expiryType=CURRENT_WEEK, startCandleTime=09:15, strikeMode=MANUAL, lotQuantity=1, lotSize=75, targetProfit=5000.0, stopLoss=2000.0, maxReversals=3, tradeMode=PAPER)
2026-04-08T08:19:53.868+05:30  INFO 4700 --- [algo-trading-backend] [           main] c.a.b.service.TradingStrategyService     : Strategy started. Session: 1dc7cd56-cb50-4dd5-8c14-fe54799a8755
2026-04-08T08:19:54.195+05:30  INFO 4700 --- [algo-trading-backend] [           main] c.a.b.service.TradingStrategyService     : Strategy stopped: Manual stop
]]></system-out>
  </testcase>
  <testcase name="stopsOnStopLoss" classname="com.algotrading.backend.integration.TradingStrategyIntegrationTest" time="0.413">
    <system-out><![CDATA[2026-04-08T08:19:54.599+05:30  INFO 4700 --- [algo-trading-backend] [           main] c.a.backend.controller.AuthController    : User logged in: admin
2026-04-08T08:19:54.601+05:30  INFO 4700 --- [algo-trading-backend] [           main] c.a.backend.cache.MarketDataCache        : Day data cleared from cache
2026-04-08T08:19:54.601+05:30  INFO 4700 --- [algo-trading-backend] [           main] c.a.backend.cache.MarketDataCache        : Trading config updated: TradingConfig(futuresInstrument=NIFTY25APRFUT, ceInstrument=NIFTY25APR22000CE, peInstrument=NIFTY25APR22000PE, ceStrikePrice=22000, peStrikePrice=22000, expiryType=CURRENT_WEEK, startCandleTime=09:15, strikeMode=MANUAL, lotQuantity=1, lotSize=75, targetProfit=5000.0, stopLoss=2000.0, maxReversals=3, tradeMode=PAPER)
2026-04-08T08:19:54.601+05:30 DEBUG 4700 --- [algo-trading-backend] [           main] c.a.backend.cache.MarketDataCache        : Tick updated: NIFTY25APR22000CE @ 150.0
2026-04-08T08:19:54.602+05:30 DEBUG 4700 --- [algo-trading-backend] [           main] c.a.backend.cache.MarketDataCache        : Tick updated: NIFTY25APR22000PE @ 150.0
2026-04-08T08:19:54.602+05:30 DEBUG 4700 --- [algo-trading-backend] [           main] c.a.backend.cache.MarketDataCache        : Tick updated: NIFTY25APRFUT @ 22000.0
2026-04-08T08:19:54.602+05:30  INFO 4700 --- [algo-trading-backend] [           main] c.a.backend.cache.MarketDataCache        : Trading config updated: TradingConfig(futuresInstrument=NIFTY25APRFUT, ceInstrument=NIFTY25APR22000CE, peInstrument=NIFTY25APR22000PE, ceStrikePrice=22000, peStrikePrice=22000, expiryType=CURRENT_WEEK, startCandleTime=09:15, strikeMode=MANUAL, lotQuantity=1, lotSize=75, targetProfit=100000.0, stopLoss=100.0, maxReversals=3, tradeMode=PAPER)
2026-04-08T08:19:54.602+05:30  INFO 4700 --- [algo-trading-backend] [           main] c.a.b.service.TradingStrategyService     : Strategy started. Session: 9ecc9f34-9014-423c-96d4-62b371c77230
2026-04-08T08:19:54.602+05:30  INFO 4700 --- [algo-trading-backend] [           main] c.a.b.service.CandleAggregatorService    : Injected candle for NIFTY25APRFUT: close=21900.0
2026-04-08T08:19:54.602+05:30 DEBUG 4700 --- [algo-trading-backend] [           main] c.a.b.service.TradingStrategyService     : Strategy processing candle: time=2026-04-08T09:15, close=21900.0
2026-04-08T08:19:54.602+05:30  INFO 4700 --- [algo-trading-backend] [           main] c.a.b.service.TradingStrategyService     : 1st candle captured: time=09:15, close=21900.0
2026-04-08T08:19:54.603+05:30  INFO 4700 --- [algo-trading-backend] [           main] c.a.b.service.CandleAggregatorService    : Injected candle for NIFTY25APRFUT: close=22100.0
2026-04-08T08:19:54.603+05:30 DEBUG 4700 --- [algo-trading-backend] [           main] c.a.b.service.TradingStrategyService     : Strategy processing candle: time=2026-04-08T09:16, close=22100.0
2026-04-08T08:19:54.603+05:30  INFO 4700 --- [algo-trading-backend] [           main] c.a.b.service.TradingStrategyService     : 2nd candle captured: time=09:16, close=22100.0
2026-04-08T08:19:54.604+05:30  INFO 4700 --- [algo-trading-backend] [           main] c.a.b.service.CandleAggregatorService    : Injected candle for NIFTY25APRFUT: close=22120.0
2026-04-08T08:19:54.604+05:30 DEBUG 4700 --- [algo-trading-backend] [           main] c.a.b.service.TradingStrategyService     : Strategy processing candle: time=2026-04-08T09:17, close=22120.0
2026-04-08T08:19:54.604+05:30  INFO 4700 --- [algo-trading-backend] [           main] c.a.b.service.TradingStrategyService     : 3rd candle captured: time=09:17, close=22120.0
2026-04-08T08:19:54.604+05:30  INFO 4700 --- [algo-trading-backend] [           main] c.a.b.service.OptionInstrumentService    : MANUAL mode: CE=NIFTY25APR22000CE, PE=NIFTY25APR22000PE
2026-04-08T08:19:54.604+05:30  INFO 4700 --- [algo-trading-backend] [           main] c.a.b.service.TradingStrategyService     : Entry direction: CE (1st close=21900.0, 2nd close=22100.0)
2026-04-08T08:19:54.604+05:30  INFO 4700 --- [algo-trading-backend] [           main] c.a.backend.broker.PaperBrokerService    : [PAPER] BUY NIFTY25APR22000CE x75 @ 150.0
2026-04-08T08:19:54.604+05:30  INFO 4700 --- [algo-trading-backend] [           main] c.a.b.service.TradingStrategyService     : Entered position: leg=1, type=CE, instrument=NIFTY25APR22000CE, entry=150.0, reason=INITIAL
2026-04-08T08:19:54.610+05:30 DEBUG 4700 --- [algo-trading-backend] [           main] c.a.backend.cache.MarketDataCache        : Tick updated: NIFTY25APR22000CE @ 50.0
2026-04-08T08:19:54.610+05:30  INFO 4700 --- [algo-trading-backend] [           main] c.a.b.service.CandleAggregatorService    : Injected candle for NIFTY25APRFUT: close=22010.0
2026-04-08T08:19:54.610+05:30 DEBUG 4700 --- [algo-trading-backend] [           main] c.a.b.service.TradingStrategyService     : Strategy processing candle: time=2026-04-08T09:18, close=22010.0
]]></system-out>
  </testcase>
  <testcase name="autoAtmModeSelectsCorrectStrike" classname="com.algotrading.backend.integration.TradingStrategyIntegrationTest" time="0.368">
    <system-out><![CDATA[2026-04-08T08:19:54.971+05:30  INFO 4700 --- [algo-trading-backend] [           main] c.a.backend.controller.AuthController    : User logged in: admin
2026-04-08T08:19:54.973+05:30  INFO 4700 --- [algo-trading-backend] [           main] c.a.backend.cache.MarketDataCache        : Day data cleared from cache
2026-04-08T08:19:54.974+05:30  INFO 4700 --- [algo-trading-backend] [           main] c.a.backend.cache.MarketDataCache        : Trading config updated: TradingConfig(futuresInstrument=NIFTY25APRFUT, ceInstrument=NIFTY25APR22000CE, peInstrument=NIFTY25APR22000PE, ceStrikePrice=22000, peStrikePrice=22000, expiryType=CURRENT_WEEK, startCandleTime=09:15, strikeMode=MANUAL, lotQuantity=1, lotSize=75, targetProfit=5000.0, stopLoss=2000.0, maxReversals=3, tradeMode=PAPER)
2026-04-08T08:19:54.974+05:30 DEBUG 4700 --- [algo-trading-backend] [           main] c.a.backend.cache.MarketDataCache        : Tick updated: NIFTY25APR22000CE @ 150.0
2026-04-08T08:19:54.974+05:30 DEBUG 4700 --- [algo-trading-backend] [           main] c.a.backend.cache.MarketDataCache        : Tick updated: NIFTY25APR22000PE @ 150.0
2026-04-08T08:19:54.974+05:30 DEBUG 4700 --- [algo-trading-backend] [           main] c.a.backend.cache.MarketDataCache        : Tick updated: NIFTY25APRFUT @ 22000.0
2026-04-08T08:19:54.975+05:30  INFO 4700 --- [algo-trading-backend] [           main] c.a.backend.cache.MarketDataCache        : Trading config updated: TradingConfig(futuresInstrument=NIFTY25APRFUT, ceInstrument=NIFTY25APR22000CE, peInstrument=NIFTY25APR22000PE, ceStrikePrice=22000, peStrikePrice=22000, expiryType=CURRENT_WEEK, startCandleTime=09:15, strikeMode=AUTO_ATM, lotQuantity=1, lotSize=75, targetProfit=5000.0, stopLoss=2000.0, maxReversals=3, tradeMode=PAPER)
2026-04-08T08:19:54.975+05:30 DEBUG 4700 --- [algo-trading-backend] [           main] c.a.backend.cache.MarketDataCache        : Tick updated: NIFTY25APRFUT @ 22175.0
2026-04-08T08:19:54.975+05:30  INFO 4700 --- [algo-trading-backend] [           main] c.a.b.service.TradingStrategyService     : Strategy started. Session: 084d0324-25c8-49e8-afae-5c251954cb4b
2026-04-08T08:19:54.975+05:30  INFO 4700 --- [algo-trading-backend] [           main] c.a.b.service.CandleAggregatorService    : Injected candle for NIFTY25APRFUT: close=22175.0
2026-04-08T08:19:54.975+05:30 DEBUG 4700 --- [algo-trading-backend] [           main] c.a.b.service.TradingStrategyService     : Strategy processing candle: time=2026-04-08T09:15, close=22175.0
2026-04-08T08:19:54.976+05:30  INFO 4700 --- [algo-trading-backend] [           main] c.a.b.service.TradingStrategyService     : 1st candle captured: time=09:15, close=22175.0
2026-04-08T08:19:54.977+05:30  INFO 4700 --- [algo-trading-backend] [           main] c.a.b.service.CandleAggregatorService    : Injected candle for NIFTY25APRFUT: close=22300.0
2026-04-08T08:19:54.977+05:30 DEBUG 4700 --- [algo-trading-backend] [           main] c.a.b.service.TradingStrategyService     : Strategy processing candle: time=2026-04-08T09:16, close=22300.0
2026-04-08T08:19:54.977+05:30  INFO 4700 --- [algo-trading-backend] [           main] c.a.b.service.TradingStrategyService     : 2nd candle captured: time=09:16, close=22300.0
2026-04-08T08:19:54.978+05:30  INFO 4700 --- [algo-trading-backend] [           main] c.a.b.service.CandleAggregatorService    : Injected candle for NIFTY25APRFUT: close=22320.0
2026-04-08T08:19:54.979+05:30 DEBUG 4700 --- [algo-trading-backend] [           main] c.a.b.service.TradingStrategyService     : Strategy processing candle: time=2026-04-08T09:17, close=22320.0
2026-04-08T08:19:54.979+05:30  INFO 4700 --- [algo-trading-backend] [           main] c.a.b.service.TradingStrategyService     : 3rd candle captured: time=09:17, close=22320.0
2026-04-08T08:19:54.980+05:30  INFO 4700 --- [algo-trading-backend] [           main] c.a.b.service.OptionInstrumentService    : AUTO_ATM mode: NIFTY=22175.0, ATM=22200, CE=NIFTY26APR22200CE, PE=NIFTY26APR22200PE
2026-04-08T08:19:54.980+05:30  INFO 4700 --- [algo-trading-backend] [           main] c.a.b.service.TradingStrategyService     : Entry direction: CE (1st close=22175.0, 2nd close=22300.0)
2026-04-08T08:19:54.980+05:30  WARN 4700 --- [algo-trading-backend] [           main] c.a.backend.broker.PaperBrokerService    : No tick data for NIFTY26APR22200CE. Using 0.
2026-04-08T08:19:54.980+05:30  INFO 4700 --- [algo-trading-backend] [           main] c.a.backend.broker.PaperBrokerService    : [PAPER] BUY NIFTY26APR22200CE x75 @ 0.0
2026-04-08T08:19:54.980+05:30  INFO 4700 --- [algo-trading-backend] [           main] c.a.b.service.TradingStrategyService     : Entered position: leg=1, type=CE, instrument=NIFTY26APR22200CE, entry=0.0, reason=INITIAL
2026-04-08T08:19:54.980+05:30  WARN 4700 --- [algo-trading-backend] [           main] c.a.backend.broker.PaperBrokerService    : No tick data for NIFTY26APR22200CE. Using 0.
]]></system-out>
  </testcase>
  <testcase name="cumulativePnLTrackedAcrossLegs" classname="com.algotrading.backend.integration.TradingStrategyIntegrationTest" time="0.554">
    <system-out><![CDATA[2026-04-08T08:19:55.515+05:30  INFO 4700 --- [algo-trading-backend] [           main] c.a.backend.controller.AuthController    : User logged in: admin
2026-04-08T08:19:55.519+05:30  INFO 4700 --- [algo-trading-backend] [           main] c.a.backend.cache.MarketDataCache        : Day data cleared from cache
2026-04-08T08:19:55.519+05:30  INFO 4700 --- [algo-trading-backend] [           main] c.a.backend.cache.MarketDataCache        : Trading config updated: TradingConfig(futuresInstrument=NIFTY25APRFUT, ceInstrument=NIFTY25APR22000CE, peInstrument=NIFTY25APR22000PE, ceStrikePrice=22000, peStrikePrice=22000, expiryType=CURRENT_WEEK, startCandleTime=09:15, strikeMode=MANUAL, lotQuantity=1, lotSize=75, targetProfit=5000.0, stopLoss=2000.0, maxReversals=3, tradeMode=PAPER)
2026-04-08T08:19:55.519+05:30 DEBUG 4700 --- [algo-trading-backend] [           main] c.a.backend.cache.MarketDataCache        : Tick updated: NIFTY25APR22000CE @ 150.0
2026-04-08T08:19:55.520+05:30 DEBUG 4700 --- [algo-trading-backend] [           main] c.a.backend.cache.MarketDataCache        : Tick updated: NIFTY25APR22000PE @ 150.0
2026-04-08T08:19:55.520+05:30 DEBUG 4700 --- [algo-trading-backend] [           main] c.a.backend.cache.MarketDataCache        : Tick updated: NIFTY25APRFUT @ 22000.0
2026-04-08T08:19:55.521+05:30  INFO 4700 --- [algo-trading-backend] [           main] c.a.b.service.TradingStrategyService     : Strategy started. Session: 4dbc908b-db5d-471d-9cbc-2f7ed92e0be8
2026-04-08T08:19:55.521+05:30  INFO 4700 --- [algo-trading-backend] [           main] c.a.b.service.CandleAggregatorService    : Injected candle for NIFTY25APRFUT: close=21900.0
2026-04-08T08:19:55.522+05:30 DEBUG 4700 --- [algo-trading-backend] [           main] c.a.b.service.TradingStrategyService     : Strategy processing candle: time=2026-04-08T09:15, close=21900.0
2026-04-08T08:19:55.522+05:30  INFO 4700 --- [algo-trading-backend] [           main] c.a.b.service.TradingStrategyService     : 1st candle captured: time=09:15, close=21900.0
2026-04-08T08:19:55.523+05:30  INFO 4700 --- [algo-trading-backend] [           main] c.a.b.service.CandleAggregatorService    : Injected candle for NIFTY25APRFUT: close=22100.0
2026-04-08T08:19:55.524+05:30 DEBUG 4700 --- [algo-trading-backend] [           main] c.a.b.service.TradingStrategyService     : Strategy processing candle: time=2026-04-08T09:16, close=22100.0
2026-04-08T08:19:55.524+05:30  INFO 4700 --- [algo-trading-backend] [           main] c.a.b.service.TradingStrategyService     : 2nd candle captured: time=09:16, close=22100.0
2026-04-08T08:19:55.526+05:30  INFO 4700 --- [algo-trading-backend] [           main] c.a.b.service.CandleAggregatorService    : Injected candle for NIFTY25APRFUT: close=22120.0
2026-04-08T08:19:55.526+05:30 DEBUG 4700 --- [algo-trading-backend] [           main] c.a.b.service.TradingStrategyService     : Strategy processing candle: time=2026-04-08T09:17, close=22120.0
2026-04-08T08:19:55.526+05:30  INFO 4700 --- [algo-trading-backend] [           main] c.a.b.service.TradingStrategyService     : 3rd candle captured: time=09:17, close=22120.0
2026-04-08T08:19:55.526+05:30  INFO 4700 --- [algo-trading-backend] [           main] c.a.b.service.OptionInstrumentService    : MANUAL mode: CE=NIFTY25APR22000CE, PE=NIFTY25APR22000PE
2026-04-08T08:19:55.526+05:30  INFO 4700 --- [algo-trading-backend] [           main] c.a.b.service.TradingStrategyService     : Entry direction: CE (1st close=21900.0, 2nd close=22100.0)
2026-04-08T08:19:55.526+05:30  INFO 4700 --- [algo-trading-backend] [           main] c.a.backend.broker.PaperBrokerService    : [PAPER] BUY NIFTY25APR22000CE x75 @ 150.0
2026-04-08T08:19:55.527+05:30  INFO 4700 --- [algo-trading-backend] [           main] c.a.b.service.TradingStrategyService     : Entered position: leg=1, type=CE, instrument=NIFTY25APR22000CE, entry=150.0, reason=INITIAL
2026-04-08T08:19:55.530+05:30 DEBUG 4700 --- [algo-trading-backend] [           main] c.a.backend.cache.MarketDataCache        : Tick updated: NIFTY25APR22000CE @ 150.0
2026-04-08T08:19:55.530+05:30 DEBUG 4700 --- [algo-trading-backend] [           main] c.a.backend.cache.MarketDataCache        : Tick updated: NIFTY25APR22000CE @ 120.0
2026-04-08T08:19:55.531+05:30  INFO 4700 --- [algo-trading-backend] [           main] c.a.b.service.CandleAggregatorService    : Injected candle for NIFTY25APRFUT: close=21800.0
2026-04-08T08:19:55.531+05:30 DEBUG 4700 --- [algo-trading-backend] [           main] c.a.b.service.TradingStrategyService     : Strategy processing candle: time=2026-04-08T09:18, close=21800.0
2026-04-08T08:19:55.531+05:30  INFO 4700 --- [algo-trading-backend] [           main] c.a.b.service.TradingStrategyService     : Reversal signal: CE->PE (current close=21800.0 < 1st close=21900.0)
2026-04-08T08:19:55.532+05:30  INFO 4700 --- [algo-trading-backend] [           main] c.a.backend.broker.PaperBrokerService    : [PAPER] SELL NIFTY25APR22000CE x75 @ 120.0
2026-04-08T08:19:55.533+05:30  INFO 4700 --- [algo-trading-backend] [           main] c.a.b.service.TradingStrategyService     : Exited position: leg=1, type=CE, exit=120.0, legPnL=-2250.0, cumulativePnL=-2250.0, reason=REVERSAL
2026-04-08T08:19:55.534+05:30  INFO 4700 --- [algo-trading-backend] [           main] c.a.b.service.TradingStrategyService     : Strategy stopped: Stop loss hit after reversal: -2250.0
]]></system-out>
  </testcase>
  <testcase name="exitsOnTargetProfit" classname="com.algotrading.backend.integration.TradingStrategyIntegrationTest" time="0.464">
    <system-out><![CDATA[2026-04-08T08:19:55.996+05:30  INFO 4700 --- [algo-trading-backend] [           main] c.a.backend.controller.AuthController    : User logged in: admin
2026-04-08T08:19:55.999+05:30  INFO 4700 --- [algo-trading-backend] [           main] c.a.backend.cache.MarketDataCache        : Day data cleared from cache
2026-04-08T08:19:55.999+05:30  INFO 4700 --- [algo-trading-backend] [           main] c.a.backend.cache.MarketDataCache        : Trading config updated: TradingConfig(futuresInstrument=NIFTY25APRFUT, ceInstrument=NIFTY25APR22000CE, peInstrument=NIFTY25APR22000PE, ceStrikePrice=22000, peStrikePrice=22000, expiryType=CURRENT_WEEK, startCandleTime=09:15, strikeMode=MANUAL, lotQuantity=1, lotSize=75, targetProfit=5000.0, stopLoss=2000.0, maxReversals=3, tradeMode=PAPER)
2026-04-08T08:19:56.000+05:30 DEBUG 4700 --- [algo-trading-backend] [           main] c.a.backend.cache.MarketDataCache        : Tick updated: NIFTY25APR22000CE @ 150.0
2026-04-08T08:19:56.000+05:30 DEBUG 4700 --- [algo-trading-backend] [           main] c.a.backend.cache.MarketDataCache        : Tick updated: NIFTY25APR22000PE @ 150.0
2026-04-08T08:19:56.000+05:30 DEBUG 4700 --- [algo-trading-backend] [           main] c.a.backend.cache.MarketDataCache        : Tick updated: NIFTY25APRFUT @ 22000.0
2026-04-08T08:19:56.001+05:30  INFO 4700 --- [algo-trading-backend] [           main] c.a.backend.cache.MarketDataCache        : Trading config updated: TradingConfig(futuresInstrument=NIFTY25APRFUT, ceInstrument=NIFTY25APR22000CE, peInstrument=NIFTY25APR22000PE, ceStrikePrice=22000, peStrikePrice=22000, expiryType=CURRENT_WEEK, startCandleTime=09:15, strikeMode=MANUAL, lotQuantity=1, lotSize=75, targetProfit=500.0, stopLoss=10000.0, maxReversals=3, tradeMode=PAPER)
2026-04-08T08:19:56.001+05:30  INFO 4700 --- [algo-trading-backend] [           main] c.a.b.service.TradingStrategyService     : Strategy started. Session: d7619b46-31ca-4447-94bd-1ab4969c62aa
2026-04-08T08:19:56.001+05:30  INFO 4700 --- [algo-trading-backend] [           main] c.a.b.service.CandleAggregatorService    : Injected candle for NIFTY25APRFUT: close=21900.0
2026-04-08T08:19:56.001+05:30 DEBUG 4700 --- [algo-trading-backend] [           main] c.a.b.service.TradingStrategyService     : Strategy processing candle: time=2026-04-08T09:15, close=21900.0
2026-04-08T08:19:56.001+05:30  INFO 4700 --- [algo-trading-backend] [           main] c.a.b.service.TradingStrategyService     : 1st candle captured: time=09:15, close=21900.0
2026-04-08T08:19:56.002+05:30  INFO 4700 --- [algo-trading-backend] [           main] c.a.b.service.CandleAggregatorService    : Injected candle for NIFTY25APRFUT: close=22100.0
2026-04-08T08:19:56.002+05:30 DEBUG 4700 --- [algo-trading-backend] [           main] c.a.b.service.TradingStrategyService     : Strategy processing candle: time=2026-04-08T09:16, close=22100.0
2026-04-08T08:19:56.002+05:30  INFO 4700 --- [algo-trading-backend] [           main] c.a.b.service.TradingStrategyService     : 2nd candle captured: time=09:16, close=22100.0
2026-04-08T08:19:56.003+05:30  INFO 4700 --- [algo-trading-backend] [           main] c.a.b.service.CandleAggregatorService    : Injected candle for NIFTY25APRFUT: close=22120.0
2026-04-08T08:19:56.003+05:30 DEBUG 4700 --- [algo-trading-backend] [           main] c.a.b.service.TradingStrategyService     : Strategy processing candle: time=2026-04-08T09:17, close=22120.0
2026-04-08T08:19:56.003+05:30  INFO 4700 --- [algo-trading-backend] [           main] c.a.b.service.TradingStrategyService     : 3rd candle captured: time=09:17, close=22120.0
2026-04-08T08:19:56.004+05:30  INFO 4700 --- [algo-trading-backend] [           main] c.a.b.service.OptionInstrumentService    : MANUAL mode: CE=NIFTY25APR22000CE, PE=NIFTY25APR22000PE
2026-04-08T08:19:56.004+05:30  INFO 4700 --- [algo-trading-backend] [           main] c.a.b.service.TradingStrategyService     : Entry direction: CE (1st close=21900.0, 2nd close=22100.0)
2026-04-08T08:19:56.004+05:30  INFO 4700 --- [algo-trading-backend] [           main] c.a.backend.broker.PaperBrokerService    : [PAPER] BUY NIFTY25APR22000CE x75 @ 150.0
2026-04-08T08:19:56.004+05:30  INFO 4700 --- [algo-trading-backend] [           main] c.a.b.service.TradingStrategyService     : Entered position: leg=1, type=CE, instrument=NIFTY25APR22000CE, entry=150.0, reason=INITIAL
2026-04-08T08:19:56.005+05:30 DEBUG 4700 --- [algo-trading-backend] [           main] c.a.backend.cache.MarketDataCache        : Tick updated: NIFTY25APR22000CE @ 200.0
2026-04-08T08:19:56.005+05:30  INFO 4700 --- [algo-trading-backend] [           main] c.a.b.service.CandleAggregatorService    : Injected candle for NIFTY25APRFUT: close=22180.0
2026-04-08T08:19:56.005+05:30 DEBUG 4700 --- [algo-trading-backend] [           main] c.a.b.service.TradingStrategyService     : Strategy processing candle: time=2026-04-08T09:18, close=22180.0
]]></system-out>
  </testcase>
  <testcase name="stopsAfterMaxReversals" classname="com.algotrading.backend.integration.TradingStrategyIntegrationTest" time="0.36">
    <system-out><![CDATA[2026-04-08T08:19:56.355+05:30  INFO 4700 --- [algo-trading-backend] [           main] c.a.backend.controller.AuthController    : User logged in: admin
2026-04-08T08:19:56.357+05:30  INFO 4700 --- [algo-trading-backend] [           main] c.a.backend.cache.MarketDataCache        : Day data cleared from cache
2026-04-08T08:19:56.357+05:30  INFO 4700 --- [algo-trading-backend] [           main] c.a.backend.cache.MarketDataCache        : Trading config updated: TradingConfig(futuresInstrument=NIFTY25APRFUT, ceInstrument=NIFTY25APR22000CE, peInstrument=NIFTY25APR22000PE, ceStrikePrice=22000, peStrikePrice=22000, expiryType=CURRENT_WEEK, startCandleTime=09:15, strikeMode=MANUAL, lotQuantity=1, lotSize=75, targetProfit=5000.0, stopLoss=2000.0, maxReversals=3, tradeMode=PAPER)
2026-04-08T08:19:56.358+05:30 DEBUG 4700 --- [algo-trading-backend] [           main] c.a.backend.cache.MarketDataCache        : Tick updated: NIFTY25APR22000CE @ 150.0
2026-04-08T08:19:56.358+05:30 DEBUG 4700 --- [algo-trading-backend] [           main] c.a.backend.cache.MarketDataCache        : Tick updated: NIFTY25APR22000PE @ 150.0
2026-04-08T08:19:56.358+05:30 DEBUG 4700 --- [algo-trading-backend] [           main] c.a.backend.cache.MarketDataCache        : Tick updated: NIFTY25APRFUT @ 22000.0
2026-04-08T08:19:56.358+05:30  INFO 4700 --- [algo-trading-backend] [           main] c.a.backend.cache.MarketDataCache        : Trading config updated: TradingConfig(futuresInstrument=NIFTY25APRFUT, ceInstrument=NIFTY25APR22000CE, peInstrument=NIFTY25APR22000PE, ceStrikePrice=22000, peStrikePrice=22000, expiryType=CURRENT_WEEK, startCandleTime=09:15, strikeMode=MANUAL, lotQuantity=1, lotSize=75, targetProfit=100000.0, stopLoss=100000.0, maxReversals=1, tradeMode=PAPER)
2026-04-08T08:19:56.359+05:30  INFO 4700 --- [algo-trading-backend] [           main] c.a.b.service.TradingStrategyService     : Strategy started. Session: 6d44b619-0e3d-4290-8c8d-e709e94cb240
2026-04-08T08:19:56.359+05:30  INFO 4700 --- [algo-trading-backend] [           main] c.a.b.service.CandleAggregatorService    : Injected candle for NIFTY25APRFUT: close=21900.0
2026-04-08T08:19:56.359+05:30 DEBUG 4700 --- [algo-trading-backend] [           main] c.a.b.service.TradingStrategyService     : Strategy processing candle: time=2026-04-08T09:15, close=21900.0
2026-04-08T08:19:56.360+05:30  INFO 4700 --- [algo-trading-backend] [           main] c.a.b.service.TradingStrategyService     : 1st candle captured: time=09:15, close=21900.0
2026-04-08T08:19:56.360+05:30  INFO 4700 --- [algo-trading-backend] [           main] c.a.b.service.CandleAggregatorService    : Injected candle for NIFTY25APRFUT: close=22100.0
2026-04-08T08:19:56.360+05:30 DEBUG 4700 --- [algo-trading-backend] [           main] c.a.b.service.TradingStrategyService     : Strategy processing candle: time=2026-04-08T09:16, close=22100.0
2026-04-08T08:19:56.360+05:30  INFO 4700 --- [algo-trading-backend] [           main] c.a.b.service.TradingStrategyService     : 2nd candle captured: time=09:16, close=22100.0
2026-04-08T08:19:56.361+05:30  INFO 4700 --- [algo-trading-backend] [           main] c.a.b.service.CandleAggregatorService    : Injected candle for NIFTY25APRFUT: close=22120.0
2026-04-08T08:19:56.361+05:30 DEBUG 4700 --- [algo-trading-backend] [           main] c.a.b.service.TradingStrategyService     : Strategy processing candle: time=2026-04-08T09:17, close=22120.0
2026-04-08T08:19:56.361+05:30  INFO 4700 --- [algo-trading-backend] [           main] c.a.b.service.TradingStrategyService     : 3rd candle captured: time=09:17, close=22120.0
2026-04-08T08:19:56.361+05:30  INFO 4700 --- [algo-trading-backend] [           main] c.a.b.service.OptionInstrumentService    : MANUAL mode: CE=NIFTY25APR22000CE, PE=NIFTY25APR22000PE
2026-04-08T08:19:56.361+05:30  INFO 4700 --- [algo-trading-backend] [           main] c.a.b.service.TradingStrategyService     : Entry direction: CE (1st close=21900.0, 2nd close=22100.0)
2026-04-08T08:19:56.361+05:30  INFO 4700 --- [algo-trading-backend] [           main] c.a.backend.broker.PaperBrokerService    : [PAPER] BUY NIFTY25APR22000CE x75 @ 150.0
2026-04-08T08:19:56.361+05:30  INFO 4700 --- [algo-trading-backend] [           main] c.a.b.service.TradingStrategyService     : Entered position: leg=1, type=CE, instrument=NIFTY25APR22000CE, entry=150.0, reason=INITIAL
2026-04-08T08:19:56.362+05:30  INFO 4700 --- [algo-trading-backend] [           main] c.a.b.service.CandleAggregatorService    : Injected candle for NIFTY25APRFUT: close=21800.0
2026-04-08T08:19:56.362+05:30 DEBUG 4700 --- [algo-trading-backend] [           main] c.a.b.service.TradingStrategyService     : Strategy processing candle: time=2026-04-08T09:18, close=21800.0
2026-04-08T08:19:56.363+05:30  INFO 4700 --- [algo-trading-backend] [           main] c.a.b.service.TradingStrategyService     : Reversal signal: CE->PE (current close=21800.0 < 1st close=21900.0)
2026-04-08T08:19:56.363+05:30  INFO 4700 --- [algo-trading-backend] [           main] c.a.backend.broker.PaperBrokerService    : [PAPER] SELL NIFTY25APR22000CE x75 @ 150.0
2026-04-08T08:19:56.363+05:30  INFO 4700 --- [algo-trading-backend] [           main] c.a.b.service.TradingStrategyService     : Exited position: leg=1, type=CE, exit=150.0, legPnL=0.0, cumulativePnL=0.0, reason=REVERSAL
2026-04-08T08:19:56.363+05:30  INFO 4700 --- [algo-trading-backend] [           main] c.a.backend.broker.PaperBrokerService    : [PAPER] BUY NIFTY25APR22000PE x75 @ 150.0
2026-04-08T08:19:56.363+05:30  INFO 4700 --- [algo-trading-backend] [           main] c.a.b.service.TradingStrategyService     : Entered position: leg=2, type=PE, instrument=NIFTY25APR22000PE, entry=150.0, reason=REVERSAL_1
2026-04-08T08:19:56.365+05:30  INFO 4700 --- [algo-trading-backend] [           main] c.a.b.service.CandleAggregatorService    : Injected candle for NIFTY25APRFUT: close=22200.0
2026-04-08T08:19:56.366+05:30 DEBUG 4700 --- [algo-trading-backend] [           main] c.a.b.service.TradingStrategyService     : Strategy processing candle: time=2026-04-08T09:19, close=22200.0
2026-04-08T08:19:56.366+05:30  INFO 4700 --- [algo-trading-backend] [           main] c.a.b.service.TradingStrategyService     : Reversal signal: PE->CE (current close=22200.0 > 1st close=21900.0)
2026-04-08T08:19:56.366+05:30  INFO 4700 --- [algo-trading-backend] [           main] c.a.b.service.TradingStrategyService     : Max reversals (1) exhausted. Stopping strategy.
2026-04-08T08:19:56.366+05:30  INFO 4700 --- [algo-trading-backend] [           main] c.a.backend.broker.PaperBrokerService    : [PAPER] SELL NIFTY25APR22000PE x75 @ 150.0
2026-04-08T08:19:56.366+05:30  INFO 4700 --- [algo-trading-backend] [           main] c.a.b.service.TradingStrategyService     : Exited position: leg=2, type=PE, exit=150.0, legPnL=0.0, cumulativePnL=0.0, reason=MAX_REVERSALS
2026-04-08T08:19:56.367+05:30  INFO 4700 --- [algo-trading-backend] [           main] c.a.b.service.TradingStrategyService     : Strategy stopped: Max reversals exhausted
]]></system-out>
  </testcase>
  <testcase name="sameStrikeUsedAcrossReversals" classname="com.algotrading.backend.integration.TradingStrategyIntegrationTest" time="0.305">
    <system-out><![CDATA[2026-04-08T08:19:56.670+05:30  INFO 4700 --- [algo-trading-backend] [           main] c.a.backend.controller.AuthController    : User logged in: admin
2026-04-08T08:19:56.671+05:30  INFO 4700 --- [algo-trading-backend] [           main] c.a.backend.cache.MarketDataCache        : Day data cleared from cache
2026-04-08T08:19:56.671+05:30  INFO 4700 --- [algo-trading-backend] [           main] c.a.backend.cache.MarketDataCache        : Trading config updated: TradingConfig(futuresInstrument=NIFTY25APRFUT, ceInstrument=NIFTY25APR22000CE, peInstrument=NIFTY25APR22000PE, ceStrikePrice=22000, peStrikePrice=22000, expiryType=CURRENT_WEEK, startCandleTime=09:15, strikeMode=MANUAL, lotQuantity=1, lotSize=75, targetProfit=5000.0, stopLoss=2000.0, maxReversals=3, tradeMode=PAPER)
2026-04-08T08:19:56.671+05:30 DEBUG 4700 --- [algo-trading-backend] [           main] c.a.backend.cache.MarketDataCache        : Tick updated: NIFTY25APR22000CE @ 150.0
2026-04-08T08:19:56.671+05:30 DEBUG 4700 --- [algo-trading-backend] [           main] c.a.backend.cache.MarketDataCache        : Tick updated: NIFTY25APR22000PE @ 150.0
2026-04-08T08:19:56.671+05:30 DEBUG 4700 --- [algo-trading-backend] [           main] c.a.backend.cache.MarketDataCache        : Tick updated: NIFTY25APRFUT @ 22000.0
2026-04-08T08:19:56.672+05:30  INFO 4700 --- [algo-trading-backend] [           main] c.a.b.service.TradingStrategyService     : Strategy started. Session: a42b4bd3-49dd-40f2-94c3-1b4fba5c5382
2026-04-08T08:19:56.673+05:30  INFO 4700 --- [algo-trading-backend] [           main] c.a.b.service.CandleAggregatorService    : Injected candle for NIFTY25APRFUT: close=21900.0
2026-04-08T08:19:56.673+05:30 DEBUG 4700 --- [algo-trading-backend] [           main] c.a.b.service.TradingStrategyService     : Strategy processing candle: time=2026-04-08T09:15, close=21900.0
2026-04-08T08:19:56.673+05:30  INFO 4700 --- [algo-trading-backend] [           main] c.a.b.service.TradingStrategyService     : 1st candle captured: time=09:15, close=21900.0
2026-04-08T08:19:56.673+05:30  INFO 4700 --- [algo-trading-backend] [           main] c.a.b.service.CandleAggregatorService    : Injected candle for NIFTY25APRFUT: close=22100.0
2026-04-08T08:19:56.673+05:30 DEBUG 4700 --- [algo-trading-backend] [           main] c.a.b.service.TradingStrategyService     : Strategy processing candle: time=2026-04-08T09:16, close=22100.0
2026-04-08T08:19:56.673+05:30  INFO 4700 --- [algo-trading-backend] [           main] c.a.b.service.TradingStrategyService     : 2nd candle captured: time=09:16, close=22100.0
2026-04-08T08:19:56.673+05:30  INFO 4700 --- [algo-trading-backend] [           main] c.a.b.service.CandleAggregatorService    : Injected candle for NIFTY25APRFUT: close=22120.0
2026-04-08T08:19:56.673+05:30 DEBUG 4700 --- [algo-trading-backend] [           main] c.a.b.service.TradingStrategyService     : Strategy processing candle: time=2026-04-08T09:17, close=22120.0
2026-04-08T08:19:56.674+05:30  INFO 4700 --- [algo-trading-backend] [           main] c.a.b.service.TradingStrategyService     : 3rd candle captured: time=09:17, close=22120.0
2026-04-08T08:19:56.674+05:30  INFO 4700 --- [algo-trading-backend] [           main] c.a.b.service.OptionInstrumentService    : MANUAL mode: CE=NIFTY25APR22000CE, PE=NIFTY25APR22000PE
2026-04-08T08:19:56.674+05:30  INFO 4700 --- [algo-trading-backend] [           main] c.a.b.service.TradingStrategyService     : Entry direction: CE (1st close=21900.0, 2nd close=22100.0)
2026-04-08T08:19:56.674+05:30  INFO 4700 --- [algo-trading-backend] [           main] c.a.backend.broker.PaperBrokerService    : [PAPER] BUY NIFTY25APR22000CE x75 @ 150.0
2026-04-08T08:19:56.674+05:30  INFO 4700 --- [algo-trading-backend] [           main] c.a.b.service.TradingStrategyService     : Entered position: leg=1, type=CE, instrument=NIFTY25APR22000CE, entry=150.0, reason=INITIAL
2026-04-08T08:19:56.674+05:30  INFO 4700 --- [algo-trading-backend] [           main] c.a.b.service.CandleAggregatorService    : Injected candle for NIFTY25APRFUT: close=21800.0
2026-04-08T08:19:56.674+05:30 DEBUG 4700 --- [algo-trading-backend] [           main] c.a.b.service.TradingStrategyService     : Strategy processing candle: time=2026-04-08T09:18, close=21800.0
2026-04-08T08:19:56.674+05:30  INFO 4700 --- [algo-trading-backend] [           main] c.a.b.service.TradingStrategyService     : Reversal signal: CE->PE (current close=21800.0 < 1st close=21900.0)
2026-04-08T08:19:56.674+05:30  INFO 4700 --- [algo-trading-backend] [           main] c.a.backend.broker.PaperBrokerService    : [PAPER] SELL NIFTY25APR22000CE x75 @ 150.0
2026-04-08T08:19:56.674+05:30  INFO 4700 --- [algo-trading-backend] [           main] c.a.b.service.TradingStrategyService     : Exited position: leg=1, type=CE, exit=150.0, legPnL=0.0, cumulativePnL=0.0, reason=REVERSAL
2026-04-08T08:19:56.674+05:30  INFO 4700 --- [algo-trading-backend] [           main] c.a.backend.broker.PaperBrokerService    : [PAPER] BUY NIFTY25APR22000PE x75 @ 150.0
2026-04-08T08:19:56.674+05:30  INFO 4700 --- [algo-trading-backend] [           main] c.a.b.service.TradingStrategyService     : Entered position: leg=2, type=PE, instrument=NIFTY25APR22000PE, entry=150.0, reason=REVERSAL_1
]]></system-out>
  </testcase>
  <testcase name="entersCeWhenFirstCloseLessThanSecond" classname="com.algotrading.backend.integration.TradingStrategyIntegrationTest" time="0.341">
    <system-out><![CDATA[2026-04-08T08:19:57.013+05:30  INFO 4700 --- [algo-trading-backend] [           main] c.a.backend.controller.AuthController    : User logged in: admin
2026-04-08T08:19:57.015+05:30  INFO 4700 --- [algo-trading-backend] [           main] c.a.backend.cache.MarketDataCache        : Day data cleared from cache
2026-04-08T08:19:57.015+05:30  INFO 4700 --- [algo-trading-backend] [           main] c.a.backend.cache.MarketDataCache        : Trading config updated: TradingConfig(futuresInstrument=NIFTY25APRFUT, ceInstrument=NIFTY25APR22000CE, peInstrument=NIFTY25APR22000PE, ceStrikePrice=22000, peStrikePrice=22000, expiryType=CURRENT_WEEK, startCandleTime=09:15, strikeMode=MANUAL, lotQuantity=1, lotSize=75, targetProfit=5000.0, stopLoss=2000.0, maxReversals=3, tradeMode=PAPER)
2026-04-08T08:19:57.015+05:30 DEBUG 4700 --- [algo-trading-backend] [           main] c.a.backend.cache.MarketDataCache        : Tick updated: NIFTY25APR22000CE @ 150.0
2026-04-08T08:19:57.015+05:30 DEBUG 4700 --- [algo-trading-backend] [           main] c.a.backend.cache.MarketDataCache        : Tick updated: NIFTY25APR22000PE @ 150.0
2026-04-08T08:19:57.015+05:30 DEBUG 4700 --- [algo-trading-backend] [           main] c.a.backend.cache.MarketDataCache        : Tick updated: NIFTY25APRFUT @ 22000.0
2026-04-08T08:19:57.016+05:30  INFO 4700 --- [algo-trading-backend] [           main] c.a.b.service.TradingStrategyService     : Strategy started. Session: 8166dfe6-2836-47e3-93e2-d5bbf1785a28
2026-04-08T08:19:57.016+05:30  INFO 4700 --- [algo-trading-backend] [           main] c.a.b.service.CandleAggregatorService    : Injected candle for NIFTY25APRFUT: close=21900.0
2026-04-08T08:19:57.016+05:30 DEBUG 4700 --- [algo-trading-backend] [           main] c.a.b.service.TradingStrategyService     : Strategy processing candle: time=2026-04-08T09:15, close=21900.0
2026-04-08T08:19:57.016+05:30  INFO 4700 --- [algo-trading-backend] [           main] c.a.b.service.TradingStrategyService     : 1st candle captured: time=09:15, close=21900.0
2026-04-08T08:19:57.017+05:30  INFO 4700 --- [algo-trading-backend] [           main] c.a.b.service.CandleAggregatorService    : Injected candle for NIFTY25APRFUT: close=22050.0
2026-04-08T08:19:57.018+05:30 DEBUG 4700 --- [algo-trading-backend] [           main] c.a.b.service.TradingStrategyService     : Strategy processing candle: time=2026-04-08T09:16, close=22050.0
2026-04-08T08:19:57.018+05:30  INFO 4700 --- [algo-trading-backend] [           main] c.a.b.service.TradingStrategyService     : 2nd candle captured: time=09:16, close=22050.0
2026-04-08T08:19:57.018+05:30  INFO 4700 --- [algo-trading-backend] [           main] c.a.b.service.CandleAggregatorService    : Injected candle for NIFTY25APRFUT: close=22070.0
2026-04-08T08:19:57.018+05:30 DEBUG 4700 --- [algo-trading-backend] [           main] c.a.b.service.TradingStrategyService     : Strategy processing candle: time=2026-04-08T09:17, close=22070.0
2026-04-08T08:19:57.018+05:30  INFO 4700 --- [algo-trading-backend] [           main] c.a.b.service.TradingStrategyService     : 3rd candle captured: time=09:17, close=22070.0
2026-04-08T08:19:57.018+05:30  INFO 4700 --- [algo-trading-backend] [           main] c.a.b.service.OptionInstrumentService    : MANUAL mode: CE=NIFTY25APR22000CE, PE=NIFTY25APR22000PE
2026-04-08T08:19:57.018+05:30  INFO 4700 --- [algo-trading-backend] [           main] c.a.b.service.TradingStrategyService     : Entry direction: CE (1st close=21900.0, 2nd close=22050.0)
2026-04-08T08:19:57.018+05:30  INFO 4700 --- [algo-trading-backend] [           main] c.a.backend.broker.PaperBrokerService    : [PAPER] BUY NIFTY25APR22000CE x75 @ 150.0
2026-04-08T08:19:57.018+05:30  INFO 4700 --- [algo-trading-backend] [           main] c.a.b.service.TradingStrategyService     : Entered position: leg=1, type=CE, instrument=NIFTY25APR22000CE, entry=150.0, reason=INITIAL
]]></system-out>
  </testcase>
</testsuite>